nativephp/android/app/build/intermediates/manifest_merge_blame_file/release/processReleaseMainManifest/manifest-merger-blame-release-report.txt
1<?xml version="1.0" encoding="utf-8"?>
2<manifest xmlns:android="http://schemas.android.com/apk/res/android"
3    package="com.example.filamentapp"
4    android:versionCode="3"
5    android:versionName="1.0.0" >
6
7    <uses-sdk
8        android:minSdkVersion="33"
9        android:targetSdkVersion="36" />
10
11    <uses-permission android:name="android.permission.INTERNET" />
11-->src/main/AndroidManifest.xml:5:5-67
11-->src/main/AndroidManifest.xml:5:22-64
12    <uses-permission android:name="android.permission.ACCESS_NETWORK_STATE" />
12-->src/main/AndroidManifest.xml:6:5-79
12-->src/main/AndroidManifest.xml:6:22-76
13    <uses-permission android:name="android.permission.POST_NOTIFICATIONS" />
13-->[com.google.firebase:firebase-messaging:24.1.1] AndroidManifest.xml:23:5-77
13-->[com.google.firebase:firebase-messaging:24.1.1] AndroidManifest.xml:23:22-74
14    <uses-permission android:name="android.permission.WAKE_LOCK" /> <!-- Required by older versions of Google Play services to create IID tokens -->
14-->[com.google.firebase:firebase-messaging:24.1.1] AndroidManifest.xml:24:5-68
14-->[com.google.firebase:firebase-messaging:24.1.1] AndroidManifest.xml:24:22-65
15    <uses-permission android:name="com.google.android.c2dm.permission.RECEIVE" />
15-->[com.google.firebase:firebase-messaging:24.1.1] AndroidManifest.xml:26:5-82
15-->[com.google.firebase:firebase-messaging:24.1.1] AndroidManifest.xml:26:22-79
16
17    <permission
17-->[androidx.core:core:1.16.0] AndroidManifest.xml:22:5-24:47
18        android:name="com.example.filamentapp.DYNAMIC_RECEIVER_NOT_EXPORTED_PERMISSION"
18-->[androidx.core:core:1.16.0] AndroidManifest.xml:23:9-81
19        android:protectionLevel="signature" />
19-->[androidx.core:core:1.16.0] AndroidManifest.xml:24:9-44
20
21    <uses-permission android:name="com.example.filamentapp.DYNAMIC_RECEIVER_NOT_EXPORTED_PERMISSION" />
21-->[androidx.core:core:1.16.0] AndroidManifest.xml:26:5-97
21-->[androidx.core:core:1.16.0] AndroidManifest.xml:26:22-94
22
23    <application
23-->src/main/AndroidManifest.xml:8:5-43:19
24        android:allowBackup="true"
24-->src/main/AndroidManifest.xml:9:9-35
25        android:appComponentFactory="androidx.core.app.CoreComponentFactory"
25-->[androidx.core:core:1.16.0] AndroidManifest.xml:28:18-86
26        android:dataExtractionRules="@xml/data_extraction_rules"
26-->src/main/AndroidManifest.xml:10:9-65
27        android:extractNativeLibs="true"
28        android:fullBackupContent="@xml/backup_rules"
28-->src/main/AndroidManifest.xml:11:9-54
29        android:icon="@mipmap/ic_launcher"
29-->src/main/AndroidManifest.xml:12:9-43
30        android:label="FilamentApp"
30-->src/main/AndroidManifest.xml:14:9-36
31        android:networkSecurityConfig="@xml/network_security_config"
31-->src/main/AndroidManifest.xml:15:9-69
32        android:roundIcon="@mipmap/ic_launcher_round"
32-->src/main/AndroidManifest.xml:13:9-54
33        android:supportsRtl="true"
33-->src/main/AndroidManifest.xml:16:9-35
34        android:theme="@style/Theme.AndroidPHP" >
34-->src/main/AndroidManifest.xml:17:9-48
35        <property
35-->src/main/AndroidManifest.xml:19:9-21:40
36            android:name="android.app.16kb_pages.enabled"
36-->src/main/AndroidManifest.xml:20:17-62
37            android:value="true" />
37-->src/main/AndroidManifest.xml:21:17-37
38
39        <provider
40            android:name="androidx.core.content.FileProvider"
40-->src/main/AndroidManifest.xml:23:13-62
41            android:authorities="com.example.filamentapp.fileprovider"
41-->src/main/AndroidManifest.xml:24:13-64
42            android:exported="false"
42-->src/main/AndroidManifest.xml:25:13-37
43            android:grantUriPermissions="true" >
43-->src/main/AndroidManifest.xml:26:13-47
44            <meta-data
44-->src/main/AndroidManifest.xml:27:13-29:54
45                android:name="android.support.FILE_PROVIDER_PATHS"
45-->src/main/AndroidManifest.xml:28:17-67
46                android:resource="@xml/file_paths" />
46-->src/main/AndroidManifest.xml:29:17-51
47        </provider>
48
49        <activity
49-->src/main/AndroidManifest.xml:31:9-42:20
50            android:name="com.nativephp.mobile.ui.MainActivity"
50-->src/main/AndroidManifest.xml:32:9-40
51            android:configChanges="uiMode|colorMode|orientation|screenSize"
51-->src/main/AndroidManifest.xml:33:13-76
52            android:exported="true"
52-->src/main/AndroidManifest.xml:34:13-36
53            android:launchMode="singleTop"
53-->src/main/AndroidManifest.xml:35:13-43
54            android:screenOrientation="portrait"
54-->src/main/AndroidManifest.xml:37:13-49
55            android:windowSoftInputMode="adjustResize" >
55-->src/main/AndroidManifest.xml:36:13-55
56            <intent-filter>
56-->src/main/AndroidManifest.xml:38:13-41:29
57                <action android:name="android.intent.action.MAIN" />
57-->src/main/AndroidManifest.xml:39:17-69
57-->src/main/AndroidManifest.xml:39:25-66
58
59                <category android:name="android.intent.category.LAUNCHER" />
59-->src/main/AndroidManifest.xml:40:17-77
59-->src/main/AndroidManifest.xml:40:27-74
60            </intent-filter>
61        </activity>
62
63        <service
63-->[androidx.camera:camera-camera2:1.4.1] AndroidManifest.xml:24:9-33:19
64            android:name="androidx.camera.core.impl.MetadataHolderService"
64-->[androidx.camera:camera-camera2:1.4.1] AndroidManifest.xml:25:13-75
65            android:enabled="false"
65-->[androidx.camera:camera-camera2:1.4.1] AndroidManifest.xml:26:13-36
66            android:exported="false" >
66-->[androidx.camera:camera-camera2:1.4.1] AndroidManifest.xml:27:13-37
67            <meta-data
67-->[androidx.camera:camera-camera2:1.4.1] AndroidManifest.xml:30:13-32:89
68                android:name="androidx.camera.core.impl.MetadataHolderService.DEFAULT_CONFIG_PROVIDER"
68-->[androidx.camera:camera-camera2:1.4.1] AndroidManifest.xml:31:17-103
69                android:value="androidx.camera.camera2.Camera2Config$DefaultProvider" />
69-->[androidx.camera:camera-camera2:1.4.1] AndroidManifest.xml:32:17-86
70        </service>
71
72        <receiver
72-->[com.google.firebase:firebase-messaging:24.1.1] AndroidManifest.xml:29:9-40:20
73            android:name="com.google.firebase.iid.FirebaseInstanceIdReceiver"
73-->[com.google.firebase:firebase-messaging:24.1.1] AndroidManifest.xml:30:13-78
74            android:exported="true"
74-->[com.google.firebase:firebase-messaging:24.1.1] AndroidManifest.xml:31:13-36
75            android:permission="com.google.android.c2dm.permission.SEND" >
75-->[com.google.firebase:firebase-messaging:24.1.1] AndroidManifest.xml:32:13-73
76            <intent-filter>
76-->[com.google.firebase:firebase-messaging:24.1.1] AndroidManifest.xml:33:13-35:29
77                <action android:name="com.google.android.c2dm.intent.RECEIVE" />
77-->[com.google.firebase:firebase-messaging:24.1.1] AndroidManifest.xml:34:17-81
77-->[com.google.firebase:firebase-messaging:24.1.1] AndroidManifest.xml:34:25-78
78            </intent-filter>
79
80            <meta-data
80-->[com.google.firebase:firebase-messaging:24.1.1] AndroidManifest.xml:37:13-39:40
81                android:name="com.google.android.gms.cloudmessaging.FINISHED_AFTER_HANDLED"
81-->[com.google.firebase:firebase-messaging:24.1.1] AndroidManifest.xml:38:17-92
82                android:value="true" />
82-->[com.google.firebase:firebase-messaging:24.1.1] AndroidManifest.xml:39:17-37
83        </receiver>
84        <!--
85             FirebaseMessagingService performs security checks at runtime,
86             but set to not exported to explicitly avoid allowing another app to call it.
87        -->
88        <service
88-->[com.google.firebase:firebase-messaging:24.1.1] AndroidManifest.xml:46:9-53:19
89            android:name="com.google.firebase.messaging.FirebaseMessagingService"
89-->[com.google.firebase:firebase-messaging:24.1.1] AndroidManifest.xml:47:13-82
90            android:directBootAware="true"
90-->[com.google.firebase:firebase-messaging:24.1.1] AndroidManifest.xml:48:13-43
91            android:exported="false" >
91-->[com.google.firebase:firebase-messaging:24.1.1] AndroidManifest.xml:49:13-37
92            <intent-filter android:priority="-500" >
92-->[com.google.firebase:firebase-messaging:24.1.1] AndroidManifest.xml:50:13-52:29
92-->[com.google.firebase:firebase-messaging:24.1.1] AndroidManifest.xml:50:28-51
93                <action android:name="com.google.firebase.MESSAGING_EVENT" />
93-->[com.google.firebase:firebase-messaging:24.1.1] AndroidManifest.xml:51:17-78
93-->[com.google.firebase:firebase-messaging:24.1.1] AndroidManifest.xml:51:25-75
94            </intent-filter>
95        </service>
96        <service
96-->[com.google.firebase:firebase-messaging:24.1.1] AndroidManifest.xml:54:9-63:19
97            android:name="com.google.firebase.components.ComponentDiscoveryService"
97-->[com.google.firebase:firebase-messaging:24.1.1] AndroidManifest.xml:55:13-84
98            android:directBootAware="true"
98-->[com.google.firebase:firebase-common:21.0.0] AndroidManifest.xml:32:13-43
99            android:exported="false" >
99-->[com.google.firebase:firebase-messaging:24.1.1] AndroidManifest.xml:56:13-37
100            <meta-data
100-->[com.google.firebase:firebase-messaging:24.1.1] AndroidManifest.xml:57:13-59:85
101                android:name="com.google.firebase.components:com.google.firebase.messaging.FirebaseMessagingKtxRegistrar"
101-->[com.google.firebase:firebase-messaging:24.1.1] AndroidManifest.xml:58:17-122
102                android:value="com.google.firebase.components.ComponentRegistrar" />
102-->[com.google.firebase:firebase-messaging:24.1.1] AndroidManifest.xml:59:17-82
103            <meta-data
103-->[com.google.firebase:firebase-messaging:24.1.1] AndroidManifest.xml:60:13-62:85
104                android:name="com.google.firebase.components:com.google.firebase.messaging.FirebaseMessagingRegistrar"
104-->[com.google.firebase:firebase-messaging:24.1.1] AndroidManifest.xml:61:17-119
105                android:value="com.google.firebase.components.ComponentRegistrar" />
105-->[com.google.firebase:firebase-messaging:24.1.1] AndroidManifest.xml:62:17-82
106            <meta-data
106-->[com.google.firebase:firebase-installations:18.0.0] AndroidManifest.xml:15:13-17:85
107                android:name="com.google.firebase.components:com.google.firebase.installations.FirebaseInstallationsKtxRegistrar"
107-->[com.google.firebase:firebase-installations:18.0.0] AndroidManifest.xml:16:17-130
108                android:value="com.google.firebase.components.ComponentRegistrar" />
108-->[com.google.firebase:firebase-installations:18.0.0] AndroidManifest.xml:17:17-82
109            <meta-data
109-->[com.google.firebase:firebase-installations:18.0.0] AndroidManifest.xml:18:13-20:85
110                android:name="com.google.firebase.components:com.google.firebase.installations.FirebaseInstallationsRegistrar"
110-->[com.google.firebase:firebase-installations:18.0.0] AndroidManifest.xml:19:17-127
111                android:value="com.google.firebase.components.ComponentRegistrar" />
111-->[com.google.firebase:firebase-installations:18.0.0] AndroidManifest.xml:20:17-82
112            <meta-data
112-->[com.google.firebase:firebase-common-ktx:21.0.0] AndroidManifest.xml:12:13-14:85
113                android:name="com.google.firebase.components:com.google.firebase.ktx.FirebaseCommonLegacyRegistrar"
113-->[com.google.firebase:firebase-common-ktx:21.0.0] AndroidManifest.xml:13:17-116
114                android:value="com.google.firebase.components.ComponentRegistrar" />
114-->[com.google.firebase:firebase-common-ktx:21.0.0] AndroidManifest.xml:14:17-82
115            <meta-data
115-->[com.google.firebase:firebase-common:21.0.0] AndroidManifest.xml:35:13-37:85
116                android:name="com.google.firebase.components:com.google.firebase.FirebaseCommonKtxRegistrar"
116-->[com.google.firebase:firebase-common:21.0.0] AndroidManifest.xml:36:17-109
117                android:value="com.google.firebase.components.ComponentRegistrar" />
117-->[com.google.firebase:firebase-common:21.0.0] AndroidManifest.xml:37:17-82
118            <meta-data
118-->[com.google.firebase:firebase-datatransport:18.2.0] AndroidManifest.xml:25:13-27:85
119                android:name="com.google.firebase.components:com.google.firebase.datatransport.TransportRegistrar"
119-->[com.google.firebase:firebase-datatransport:18.2.0] AndroidManifest.xml:26:17-115
120                android:value="com.google.firebase.components.ComponentRegistrar" />
120-->[com.google.firebase:firebase-datatransport:18.2.0] AndroidManifest.xml:27:17-82
121        </service>
122
123        <activity
123-->[com.google.android.gms:play-services-base:18.1.0] AndroidManifest.xml:20:9-22:45
124            android:name="com.google.android.gms.common.api.GoogleApiActivity"
124-->[com.google.android.gms:play-services-base:18.1.0] AndroidManifest.xml:20:19-85
125            android:exported="false"
125-->[com.google.android.gms:play-services-base:18.1.0] AndroidManifest.xml:22:19-43
126            android:theme="@android:style/Theme.Translucent.NoTitleBar" />
126-->[com.google.android.gms:play-services-base:18.1.0] AndroidManifest.xml:21:19-78
127
128        <provider
128-->[com.google.firebase:firebase-common:21.0.0] AndroidManifest.xml:23:9-28:39
129            android:name="com.google.firebase.provider.FirebaseInitProvider"
129-->[com.google.firebase:firebase-common:21.0.0] AndroidManifest.xml:24:13-77
130            android:authorities="com.example.filamentapp.firebaseinitprovider"
130-->[com.google.firebase:firebase-common:21.0.0] AndroidManifest.xml:25:13-72
131            android:directBootAware="true"
131-->[com.google.firebase:firebase-common:21.0.0] AndroidManifest.xml:26:13-43
132            android:exported="false"
132-->[com.google.firebase:firebase-common:21.0.0] AndroidManifest.xml:27:13-37
133            android:initOrder="100" />
133-->[com.google.firebase:firebase-common:21.0.0] AndroidManifest.xml:28:13-36
134        <provider
134-->[androidx.emoji2:emoji2:1.4.0] AndroidManifest.xml:24:9-32:20
135            android:name="androidx.startup.InitializationProvider"
135-->[androidx.emoji2:emoji2:1.4.0] AndroidManifest.xml:25:13-67
136            android:authorities="com.example.filamentapp.androidx-startup"
136-->[androidx.emoji2:emoji2:1.4.0] AndroidManifest.xml:26:13-68
137            android:exported="false" >
137-->[androidx.emoji2:emoji2:1.4.0] AndroidManifest.xml:27:13-37
138            <meta-data
138-->[androidx.emoji2:emoji2:1.4.0] AndroidManifest.xml:29:13-31:52
139                android:name="androidx.emoji2.text.EmojiCompatInitializer"
139-->[androidx.emoji2:emoji2:1.4.0] AndroidManifest.xml:30:17-75
140                android:value="androidx.startup" />
140-->[androidx.emoji2:emoji2:1.4.0] AndroidManifest.xml:31:17-49
141            <meta-data
141-->[androidx.lifecycle:lifecycle-process:2.9.4] AndroidManifest.xml:29:13-31:52
142                android:name="androidx.lifecycle.ProcessLifecycleInitializer"
142-->[androidx.lifecycle:lifecycle-process:2.9.4] AndroidManifest.xml:30:17-78
143                android:value="androidx.startup" />
143-->[androidx.lifecycle:lifecycle-process:2.9.4] AndroidManifest.xml:31:17-49
144            <meta-data
144-->[androidx.profileinstaller:profileinstaller:1.4.0] AndroidManifest.xml:29:13-31:52
145                android:name="androidx.profileinstaller.ProfileInstallerInitializer"
145-->[androidx.profileinstaller:profileinstaller:1.4.0] AndroidManifest.xml:30:17-85
146                android:value="androidx.startup" />
146-->[androidx.profileinstaller:profileinstaller:1.4.0] AndroidManifest.xml:31:17-49
147        </provider>
148
149        <uses-library
149-->[androidx.window:window:1.5.0] AndroidManifest.xml:23:9-25:40
150            android:name="androidx.window.extensions"
150-->[androidx.window:window:1.5.0] AndroidManifest.xml:24:13-54
151            android:required="false" />
151-->[androidx.window:window:1.5.0] AndroidManifest.xml:25:13-37
152        <uses-library
152-->[androidx.window:window:1.5.0] AndroidManifest.xml:26:9-28:40
153            android:name="androidx.window.sidecar"
153-->[androidx.window:window:1.5.0] AndroidManifest.xml:27:13-51
154            android:required="false" />
154-->[androidx.window:window:1.5.0] AndroidManifest.xml:28:13-37
155
156        <meta-data
156-->[com.google.android.gms:play-services-basement:18.3.0] AndroidManifest.xml:21:9-23:69
157            android:name="com.google.android.gms.version"
157-->[com.google.android.gms:play-services-basement:18.3.0] AndroidManifest.xml:22:13-58
158            android:value="@integer/google_play_services_version" />
158-->[com.google.android.gms:play-services-basement:18.3.0] AndroidManifest.xml:23:13-66
159
160        <receiver
160-->[androidx.profileinstaller:profileinstaller:1.4.0] AndroidManifest.xml:34:9-52:20
161            android:name="androidx.profileinstaller.ProfileInstallReceiver"
161-->[androidx.profileinstaller:profileinstaller:1.4.0] AndroidManifest.xml:35:13-76
162            android:directBootAware="false"
162-->[androidx.profileinstaller:profileinstaller:1.4.0] AndroidManifest.xml:36:13-44
163            android:enabled="true"
163-->[androidx.profileinstaller:profileinstaller:1.4.0] AndroidManifest.xml:37:13-35
164            android:exported="true"
164-->[androidx.profileinstaller:profileinstaller:1.4.0] AndroidManifest.xml:38:13-36
165            android:permission="android.permission.DUMP" >
165-->[androidx.profileinstaller:profileinstaller:1.4.0] AndroidManifest.xml:39:13-57
166            <intent-filter>
166-->[androidx.profileinstaller:profileinstaller:1.4.0] AndroidManifest.xml:40:13-42:29
167                <action android:name="androidx.profileinstaller.action.INSTALL_PROFILE" />
167-->[androidx.profileinstaller:profileinstaller:1.4.0] AndroidManifest.xml:41:17-91
167-->[androidx.profileinstaller:profileinstaller:1.4.0] AndroidManifest.xml:41:25-88
168            </intent-filter>
169            <intent-filter>
169-->[androidx.profileinstaller:profileinstaller:1.4.0] AndroidManifest.xml:43:13-45:29
170                <action android:name="androidx.profileinstaller.action.SKIP_FILE" />
170-->[androidx.profileinstaller:profileinstaller:1.4.0] AndroidManifest.xml:44:17-85
170-->[androidx.profileinstaller:profileinstaller:1.4.0] AndroidManifest.xml:44:25-82
171            </intent-filter>
172            <intent-filter>
172-->[androidx.profileinstaller:profileinstaller:1.4.0] AndroidManifest.xml:46:13-48:29
173                <action android:name="androidx.profileinstaller.action.SAVE_PROFILE" />
173-->[androidx.profileinstaller:profileinstaller:1.4.0] AndroidManifest.xml:47:17-88
173-->[androidx.profileinstaller:profileinstaller:1.4.0] AndroidManifest.xml:47:25-85
174            </intent-filter>
175            <intent-filter>
175-->[androidx.profileinstaller:profileinstaller:1.4.0] AndroidManifest.xml:49:13-51:29
176                <action android:name="androidx.profileinstaller.action.BENCHMARK_OPERATION" />
176-->[androidx.profileinstaller:profileinstaller:1.4.0] AndroidManifest.xml:50:17-95
176-->[androidx.profileinstaller:profileinstaller:1.4.0] AndroidManifest.xml:50:25-92
177            </intent-filter>
178        </receiver>
179
180        <service
180-->[com.google.android.datatransport:transport-backend-cct:3.1.9] AndroidManifest.xml:28:9-34:19
181            android:name="com.google.android.datatransport.runtime.backends.TransportBackendDiscovery"
181-->[com.google.android.datatransport:transport-backend-cct:3.1.9] AndroidManifest.xml:29:13-103
182            android:exported="false" >
182-->[com.google.android.datatransport:transport-backend-cct:3.1.9] AndroidManifest.xml:30:13-37
183            <meta-data
183-->[com.google.android.datatransport:transport-backend-cct:3.1.9] AndroidManifest.xml:31:13-33:39
184                android:name="backend:com.google.android.datatransport.cct.CctBackendFactory"
184-->[com.google.android.datatransport:transport-backend-cct:3.1.9] AndroidManifest.xml:32:17-94
185                android:value="cct" />
185-->[com.google.android.datatransport:transport-backend-cct:3.1.9] AndroidManifest.xml:33:17-36
186        </service>
187        <service
187-->[com.google.android.datatransport:transport-runtime:3.1.9] AndroidManifest.xml:26:9-30:19
188            android:name="com.google.android.datatransport.runtime.scheduling.jobscheduling.JobInfoSchedulerService"
188-->[com.google.android.datatransport:transport-runtime:3.1.9] AndroidManifest.xml:27:13-117
189            android:exported="false"
189-->[com.google.android.datatransport:transport-runtime:3.1.9] AndroidManifest.xml:28:13-37
190            android:permission="android.permission.BIND_JOB_SERVICE" >
190-->[com.google.android.datatransport:transport-runtime:3.1.9] AndroidManifest.xml:29:13-69
191        </service>
192
193        <receiver
193-->[com.google.android.datatransport:transport-runtime:3.1.9] AndroidManifest.xml:32:9-34:40
194            android:name="com.google.android.datatransport.runtime.scheduling.jobscheduling.AlarmManagerSchedulerBroadcastReceiver"
194-->[com.google.android.datatransport:transport-runtime:3.1.9] AndroidManifest.xml:33:13-132
195            android:exported="false" />
195-->[com.google.android.datatransport:transport-runtime:3.1.9] AndroidManifest.xml:34:13-37
196    </application>
197
198</manifest>